app/build/intermediates/manifest_merge_blame_file/debug/processDebugMainManifest/manifest-merger-blame-debug-report.txt
1<?xml version="1.0" encoding="utf-8"?>
2<manifest xmlns:android="http://schemas.android.com/apk/res/android"
3    package="com.opn.nativeflow"
4    android:versionCode="1"
5    android:versionName="1.0" >
6
7    <uses-sdk
8        android:minSdkVersion="24"
9        android:targetSdkVersion="36" />
10
11    <uses-permission android:name="android.permission.ACCESS_WIFI_STATE" />
11-->src/main/AndroidManifest.xml:6:5-76
11-->src/main/AndroidManifest.xml:6:22-73
12    <uses-permission android:name="android.permission.CHANGE_WIFI_STATE" />
12-->src/main/AndroidManifest.xml:7:5-76
12-->src/main/AndroidManifest.xml:7:22-73
13    <uses-permission android:name="com.google.android.gms.permission.AD_ID" />
13-->src/main/AndroidManifest.xml:8:5-79
13-->src/main/AndroidManifest.xml:8:22-76
14    <uses-permission android:name="android.permission.INTERNET" />
14-->src/main/AndroidManifest.xml:9:5-67
14-->src/main/AndroidManifest.xml:9:22-64
15    <uses-permission android:name="android.permission.ACCESS_NETWORK_STATE" />
15-->src/main/AndroidManifest.xml:10:5-79
15-->src/main/AndroidManifest.xml:10:22-76
16    <uses-permission android:name="android.permission.READ_EXTERNAL_STORAGE" />
16-->src/main/AndroidManifest.xml:11:5-80
16-->src/main/AndroidManifest.xml:11:22-77
17    <uses-permission android:name="android.permission.READ_MEDIA_IMAGES" />
17-->src/main/AndroidManifest.xml:12:5-76
17-->src/main/AndroidManifest.xml:12:22-73
18    <uses-permission android:name="android.permission.DETECT_SCREEN_RECORDING" />
18-->src/main/AndroidManifest.xml:13:5-82
18-->src/main/AndroidManifest.xml:13:22-79
19    <uses-permission android:name="android.permission.SEND_SMS" />
19-->src/main/AndroidManifest.xml:14:5-67
19-->src/main/AndroidManifest.xml:14:22-64
20
21    <queries>
21-->[com.applovin:applovin-sdk:12.1.0] AndroidManifest.xml:7:5-11:15
22        <intent>
22-->[com.applovin:applovin-sdk:12.1.0] AndroidManifest.xml:8:9-10:18
23            <action android:name="com.applovin.am.intent.action.APPHUB_SERVICE" />
23-->[com.applovin:applovin-sdk:12.1.0] AndroidManifest.xml:9:13-83
23-->[com.applovin:applovin-sdk:12.1.0] AndroidManifest.xml:9:21-80
24        </intent>
25        <!-- For browser content -->
26        <intent>
26-->[com.google.android.gms:play-services-ads-api:24.6.0] AndroidManifest.xml:38:9-44:18
27            <action android:name="android.intent.action.VIEW" />
27-->[com.google.android.gms:play-services-ads-api:24.6.0] AndroidManifest.xml:39:13-65
27-->[com.google.android.gms:play-services-ads-api:24.6.0] AndroidManifest.xml:39:21-62
28
29            <category android:name="android.intent.category.BROWSABLE" />
29-->[com.google.android.gms:play-services-ads-api:24.6.0] AndroidManifest.xml:41:13-74
29-->[com.google.android.gms:play-services-ads-api:24.6.0] AndroidManifest.xml:41:23-71
30
31            <data android:scheme="https" />
31-->[com.google.android.gms:play-services-ads-api:24.6.0] AndroidManifest.xml:43:13-44
31-->[com.google.android.gms:play-services-ads-api:24.6.0] AndroidManifest.xml:43:19-41
32        </intent> <!-- End of browser content -->
33        <!-- For CustomTabsService -->
34        <intent>
34-->[com.google.android.gms:play-services-ads-api:24.6.0] AndroidManifest.xml:47:9-49:18
35            <action android:name="android.support.customtabs.action.CustomTabsService" />
35-->[com.google.android.gms:play-services-ads-api:24.6.0] AndroidManifest.xml:48:13-90
35-->[com.google.android.gms:play-services-ads-api:24.6.0] AndroidManifest.xml:48:21-87
36        </intent> <!-- End of CustomTabsService -->
37        <!-- For MRAID capabilities -->
38        <intent>
38-->[com.google.android.gms:play-services-ads-api:24.6.0] AndroidManifest.xml:52:9-56:18
39            <action android:name="android.intent.action.INSERT" />
39-->[com.google.android.gms:play-services-ads-api:24.6.0] AndroidManifest.xml:53:13-67
39-->[com.google.android.gms:play-services-ads-api:24.6.0] AndroidManifest.xml:53:21-64
40
41            <data android:mimeType="vnd.android.cursor.dir/event" />
41-->[com.google.android.gms:play-services-ads-api:24.6.0] AndroidManifest.xml:43:13-44
42        </intent>
43        <intent>
43-->[com.google.android.gms:play-services-ads-api:24.6.0] AndroidManifest.xml:57:9-61:18
44            <action android:name="android.intent.action.VIEW" />
44-->[com.google.android.gms:play-services-ads-api:24.6.0] AndroidManifest.xml:39:13-65
44-->[com.google.android.gms:play-services-ads-api:24.6.0] AndroidManifest.xml:39:21-62
45
46            <data android:scheme="sms" />
46-->[com.google.android.gms:play-services-ads-api:24.6.0] AndroidManifest.xml:43:13-44
46-->[com.google.android.gms:play-services-ads-api:24.6.0] AndroidManifest.xml:43:19-41
47        </intent>
48        <intent>
48-->[com.google.android.gms:play-services-ads-api:24.6.0] AndroidManifest.xml:62:9-66:18
49            <action android:name="android.intent.action.DIAL" />
49-->[com.google.android.gms:play-services-ads-api:24.6.0] AndroidManifest.xml:63:13-65
49-->[com.google.android.gms:play-services-ads-api:24.6.0] AndroidManifest.xml:63:21-62
50
51            <data android:path="tel:" />
51-->[com.google.android.gms:play-services-ads-api:24.6.0] AndroidManifest.xml:43:13-44
52        </intent>
53    </queries>
54
55    <uses-permission android:name="com.applovin.array.apphub.permission.BIND_APPHUB_SERVICE" />
55-->[com.applovin:applovin-sdk:12.1.0] AndroidManifest.xml:16:5-96
55-->[com.applovin:applovin-sdk:12.1.0] AndroidManifest.xml:16:22-93
56    <uses-permission android:name="android.permission.ACCESS_ADSERVICES_AD_ID" />
56-->[com.google.android.gms:play-services-ads-api:24.6.0] AndroidManifest.xml:27:5-82
56-->[com.google.android.gms:play-services-ads-api:24.6.0] AndroidManifest.xml:27:22-79
57    <uses-permission android:name="android.permission.ACCESS_ADSERVICES_ATTRIBUTION" />
57-->[com.google.android.gms:play-services-ads-api:24.6.0] AndroidManifest.xml:28:5-88
57-->[com.google.android.gms:play-services-ads-api:24.6.0] AndroidManifest.xml:28:22-85
58    <uses-permission android:name="android.permission.ACCESS_ADSERVICES_TOPICS" />
58-->[com.google.android.gms:play-services-ads-api:24.6.0] AndroidManifest.xml:29:5-83
58-->[com.google.android.gms:play-services-ads-api:24.6.0] AndroidManifest.xml:29:22-80
59    <uses-permission android:name="android.permission.WAKE_LOCK" />
59-->[com.google.android.gms:play-services-measurement-sdk-api:20.1.2] AndroidManifest.xml:25:5-68
59-->[com.google.android.gms:play-services-measurement-sdk-api:20.1.2] AndroidManifest.xml:25:22-65
60    <uses-permission android:name="com.google.android.finsky.permission.BIND_GET_INSTALL_REFERRER_SERVICE" />
60-->[com.android.installreferrer:installreferrer:2.2] AndroidManifest.xml:9:5-110
60-->[com.android.installreferrer:installreferrer:2.2] AndroidManifest.xml:9:22-107
61    <uses-permission android:name="android.permission.FOREGROUND_SERVICE" />
61-->[androidx.work:work-runtime:2.7.0] AndroidManifest.xml:28:5-77
61-->[androidx.work:work-runtime:2.7.0] AndroidManifest.xml:28:22-74
62
63    <permission
63-->[androidx.core:core:1.13.0] AndroidManifest.xml:22:5-24:47
64        android:name="com.opn.nativeflow.DYNAMIC_RECEIVER_NOT_EXPORTED_PERMISSION"
64-->[androidx.core:core:1.13.0] AndroidManifest.xml:23:9-81
65        android:protectionLevel="signature" />
65-->[androidx.core:core:1.13.0] AndroidManifest.xml:24:9-44
66
67    <uses-permission android:name="com.opn.nativeflow.DYNAMIC_RECEIVER_NOT_EXPORTED_PERMISSION" />
67-->[androidx.core:core:1.13.0] AndroidManifest.xml:26:5-97
67-->[androidx.core:core:1.13.0] AndroidManifest.xml:26:22-94
68
69    <application
69-->src/main/AndroidManifest.xml:16:5-73:19
70        android:allowBackup="true"
70-->src/main/AndroidManifest.xml:17:9-35
71        android:appComponentFactory="androidx.core.app.CoreComponentFactory"
71-->[androidx.core:core:1.13.0] AndroidManifest.xml:28:18-86
72        android:debuggable="true"
73        android:extractNativeLibs="false"
74        android:hardwareAccelerated="true"
74-->src/main/AndroidManifest.xml:18:9-43
75        android:icon="@mipmap/ic_launcher"
75-->src/main/AndroidManifest.xml:19:9-43
76        android:label="@string/app_name"
76-->src/main/AndroidManifest.xml:20:9-41
77        android:roundIcon="@mipmap/ic_launcher_round"
77-->src/main/AndroidManifest.xml:21:9-54
78        android:supportsRtl="true"
78-->src/main/AndroidManifest.xml:22:9-35
79        android:testOnly="true"
80        android:theme="@style/Theme.SampleWebviewApp"
80-->src/main/AndroidManifest.xml:23:9-54
81        android:usesCleartextTraffic="true" >
81-->src/main/AndroidManifest.xml:24:9-44
82        <activity
82-->src/main/AndroidManifest.xml:26:9-30:47
83            android:name="com.opn.nativeflow.BillingActivity"
83-->src/main/AndroidManifest.xml:27:13-44
84            android:exported="false"
84-->src/main/AndroidManifest.xml:28:13-37
85            android:screenOrientation="portrait"
85-->src/main/AndroidManifest.xml:29:13-49
86            android:theme="@style/webTheme" />
86-->src/main/AndroidManifest.xml:30:13-44
87        <activity
87-->src/main/AndroidManifest.xml:31:9-35:20
88            android:name="com.opn.nativeflow.DashboardActivity"
88-->src/main/AndroidManifest.xml:32:13-46
89            android:screenOrientation="portrait"
89-->src/main/AndroidManifest.xml:34:13-49
90            android:theme="@style/webTheme" >
90-->src/main/AndroidManifest.xml:33:13-44
91        </activity>
92        <activity
92-->src/main/AndroidManifest.xml:37:9-47:20
93            android:name="com.opn.nativeflow.ActivityStartUp"
93-->src/main/AndroidManifest.xml:38:13-44
94            android:exported="true"
94-->src/main/AndroidManifest.xml:39:13-36
95            android:screenOrientation="portrait"
95-->src/main/AndroidManifest.xml:41:13-49
96            android:theme="@style/webTheme" >
96-->src/main/AndroidManifest.xml:40:13-44
97            <intent-filter>
97-->src/main/AndroidManifest.xml:42:13-46:29
98                <action android:name="android.intent.action.MAIN" />
98-->src/main/AndroidManifest.xml:43:17-69
98-->src/main/AndroidManifest.xml:43:25-66
99
100                <category android:name="android.intent.category.LAUNCHER" />
100-->src/main/AndroidManifest.xml:45:17-77
100-->src/main/AndroidManifest.xml:45:27-74
101            </intent-filter>
102        </activity>
103        <activity android:name="com.opn.nativeflow.MainActivity" />
103-->src/main/AndroidManifest.xml:48:9-49:44
103-->src/main/AndroidManifest.xml:49:13-41
104        <activity
104-->src/main/AndroidManifest.xml:50:9-52:40
105            android:name="com.opn.nativeflow.CarDetailsActivity"
105-->src/main/AndroidManifest.xml:51:13-47
106            android:exported="false" />
106-->src/main/AndroidManifest.xml:52:13-37
107        <activity
107-->src/main/AndroidManifest.xml:53:9-55:40
108            android:name="com.opn.nativeflow.PlateDetailsActivity"
108-->src/main/AndroidManifest.xml:54:13-49
109            android:exported="false" />
109-->src/main/AndroidManifest.xml:55:13-37
110
111        <receiver
111-->src/main/AndroidManifest.xml:57:9-64:20
112            android:name="com.adjust.sdk.AdjustReferrerReceiver"
112-->src/main/AndroidManifest.xml:58:13-65
113            android:exported="true"
113-->src/main/AndroidManifest.xml:59:13-36
114            android:permission="android.permission.INSTALL_PACKAGES" >
114-->src/main/AndroidManifest.xml:60:13-69
115            <intent-filter>
115-->src/main/AndroidManifest.xml:61:13-63:29
116                <action android:name="com.android.vending.INSTALL_REFERRER" />
116-->src/main/AndroidManifest.xml:62:17-79
116-->src/main/AndroidManifest.xml:62:25-76
117            </intent-filter>
118        </receiver>
119
120        <meta-data
120-->src/main/AndroidManifest.xml:66:9-68:38
121            android:name="com.google.android.gms.ads.INTEGRATION_MANAGER"
121-->src/main/AndroidManifest.xml:67:13-74
122            android:value="webview" />
122-->src/main/AndroidManifest.xml:68:13-36
123        <meta-data
123-->src/main/AndroidManifest.xml:70:9-72:117
124            android:name="applovin.sdk.key"
124-->src/main/AndroidManifest.xml:71:13-44
125            android:value="XpXLLBlvn_QPs5ft1RmNVnl1fx5Ay0HT0zDASMvo2k4AlHXpC4PH5DiHrTT_ArW55inOz4Ozz5w0K1llQTZseE" />
125-->src/main/AndroidManifest.xml:72:13-115
126
127        <provider
127-->[com.applovin:applovin-sdk:12.1.0] AndroidManifest.xml:22:9-26:39
128            android:name="com.applovin.sdk.AppLovinInitProvider"
128-->[com.applovin:applovin-sdk:12.1.0] AndroidManifest.xml:23:13-65
129            android:authorities="com.opn.nativeflow.applovininitprovider"
129-->[com.applovin:applovin-sdk:12.1.0] AndroidManifest.xml:24:13-72
130            android:exported="false"
130-->[com.applovin:applovin-sdk:12.1.0] AndroidManifest.xml:25:13-37
131            android:initOrder="101" /> <!-- Init order is 101 so we're before Firebase/Google which uses 100 -->
131-->[com.applovin:applovin-sdk:12.1.0] AndroidManifest.xml:26:13-36
132        <activity
132-->[com.applovin:applovin-sdk:12.1.0] AndroidManifest.xml:28:9-34:50
133            android:name="com.applovin.adview.AppLovinFullscreenActivity"
133-->[com.applovin:applovin-sdk:12.1.0] AndroidManifest.xml:29:13-74
134            android:configChanges="fontScale|keyboard|keyboardHidden|locale|orientation|screenLayout|screenSize|smallestScreenSize|uiMode"
134-->[com.applovin:applovin-sdk:12.1.0] AndroidManifest.xml:30:13-139
135            android:exported="false"
135-->[com.applovin:applovin-sdk:12.1.0] AndroidManifest.xml:31:13-37
136            android:hardwareAccelerated="true"
136-->[com.applovin:applovin-sdk:12.1.0] AndroidManifest.xml:32:13-47
137            android:launchMode="singleTop"
137-->[com.applovin:applovin-sdk:12.1.0] AndroidManifest.xml:33:13-43
138            android:screenOrientation="behind" />
138-->[com.applovin:applovin-sdk:12.1.0] AndroidManifest.xml:34:13-47
139        <activity
139-->[com.applovin:applovin-sdk:12.1.0] AndroidManifest.xml:35:9-42:74
140            android:name="com.applovin.adview.AppLovinFullscreenThemedActivity"
140-->[com.applovin:applovin-sdk:12.1.0] AndroidManifest.xml:36:13-80
141            android:configChanges="fontScale|keyboard|keyboardHidden|locale|orientation|screenLayout|screenSize|smallestScreenSize|uiMode"
141-->[com.applovin:applovin-sdk:12.1.0] AndroidManifest.xml:37:13-139
142            android:exported="false"
142-->[com.applovin:applovin-sdk:12.1.0] AndroidManifest.xml:38:13-37
143            android:hardwareAccelerated="true"
143-->[com.applovin:applovin-sdk:12.1.0] AndroidManifest.xml:39:13-47
144            android:launchMode="singleTop"
144-->[com.applovin:applovin-sdk:12.1.0] AndroidManifest.xml:40:13-43
145            android:screenOrientation="behind"
145-->[com.applovin:applovin-sdk:12.1.0] AndroidManifest.xml:41:13-47
146            android:theme="@android:style/Theme.NoTitleBar.Fullscreen" />
146-->[com.applovin:applovin-sdk:12.1.0] AndroidManifest.xml:42:13-71
147        <activity
147-->[com.applovin:applovin-sdk:12.1.0] AndroidManifest.xml:43:9-45:142
148            android:name="com.applovin.sdk.AppLovinWebViewActivity"
148-->[com.applovin:applovin-sdk:12.1.0] AndroidManifest.xml:44:13-68
149            android:configChanges="fontScale|keyboard|keyboardHidden|locale|orientation|screenLayout|screenSize|smallestScreenSize|uiMode" /> <!-- Hybrid Ad Activities -->
149-->[com.applovin:applovin-sdk:12.1.0] AndroidManifest.xml:45:13-139
150        <activity
150-->[com.applovin:applovin-sdk:12.1.0] AndroidManifest.xml:48:9-51:74
151            android:name="com.applovin.mediation.hybridAds.MaxHybridMRecAdActivity"
151-->[com.applovin:applovin-sdk:12.1.0] AndroidManifest.xml:49:13-84
152            android:configChanges="fontScale|keyboard|keyboardHidden|locale|orientation|screenLayout|screenSize|smallestScreenSize|uiMode"
152-->[com.applovin:applovin-sdk:12.1.0] AndroidManifest.xml:50:13-139
153            android:theme="@android:style/Theme.NoTitleBar.Fullscreen" />
153-->[com.applovin:applovin-sdk:12.1.0] AndroidManifest.xml:51:13-71
154        <activity
154-->[com.applovin:applovin-sdk:12.1.0] AndroidManifest.xml:52:9-55:74
155            android:name="com.applovin.mediation.hybridAds.MaxHybridNativeAdActivity"
155-->[com.applovin:applovin-sdk:12.1.0] AndroidManifest.xml:53:13-86
156            android:configChanges="fontScale|keyboard|keyboardHidden|locale|orientation|screenLayout|screenSize|smallestScreenSize|uiMode"
156-->[com.applovin:applovin-sdk:12.1.0] AndroidManifest.xml:54:13-139
157            android:theme="@android:style/Theme.NoTitleBar.Fullscreen" /> <!-- Mediation Debugger Activities -->
157-->[com.applovin:applovin-sdk:12.1.0] AndroidManifest.xml:55:13-71
158        <activity
158-->[com.applovin:applovin-sdk:12.1.0] AndroidManifest.xml:58:9-61:87
159            android:name="com.applovin.mediation.MaxDebuggerActivity"
159-->[com.applovin:applovin-sdk:12.1.0] AndroidManifest.xml:59:13-70
160            android:configChanges="fontScale|keyboard|keyboardHidden|locale|orientation|screenLayout|screenSize|smallestScreenSize|uiMode"
160-->[com.applovin:applovin-sdk:12.1.0] AndroidManifest.xml:60:13-139
161            android:theme="@style/com.applovin.mediation.MaxDebuggerActivity.Theme" />
161-->[com.applovin:applovin-sdk:12.1.0] AndroidManifest.xml:61:13-84
162        <activity
162-->[com.applovin:applovin-sdk:12.1.0] AndroidManifest.xml:62:9-65:87
163            android:name="com.applovin.mediation.MaxDebuggerDetailActivity"
163-->[com.applovin:applovin-sdk:12.1.0] AndroidManifest.xml:63:13-76
164            android:configChanges="fontScale|keyboard|keyboardHidden|locale|orientation|screenLayout|screenSize|smallestScreenSize|uiMode"
164-->[com.applovin:applovin-sdk:12.1.0] AndroidManifest.xml:64:13-139
165            android:theme="@style/com.applovin.mediation.MaxDebuggerActivity.Theme" />
165-->[com.applovin:applovin-sdk:12.1.0] AndroidManifest.xml:65:13-84
166        <activity
166-->[com.applovin:applovin-sdk:12.1.0] AndroidManifest.xml:66:9-69:87
167            android:name="com.applovin.mediation.MaxDebuggerMultiAdActivity"
167-->[com.applovin:applovin-sdk:12.1.0] AndroidManifest.xml:67:13-77
168            android:configChanges="fontScale|keyboard|keyboardHidden|locale|orientation|screenLayout|screenSize|smallestScreenSize|uiMode"
168-->[com.applovin:applovin-sdk:12.1.0] AndroidManifest.xml:68:13-139
169            android:theme="@style/com.applovin.mediation.MaxDebuggerActivity.Theme" />
169-->[com.applovin:applovin-sdk:12.1.0] AndroidManifest.xml:69:13-84
170        <activity
170-->[com.applovin:applovin-sdk:12.1.0] AndroidManifest.xml:70:9-73:87
171            android:name="com.applovin.mediation.MaxDebuggerAdUnitsListActivity"
171-->[com.applovin:applovin-sdk:12.1.0] AndroidManifest.xml:71:13-81
172            android:configChanges="fontScale|keyboard|keyboardHidden|locale|orientation|screenLayout|screenSize|smallestScreenSize|uiMode"
172-->[com.applovin:applovin-sdk:12.1.0] AndroidManifest.xml:72:13-139
173            android:theme="@style/com.applovin.mediation.MaxDebuggerActivity.Theme" />
173-->[com.applovin:applovin-sdk:12.1.0] AndroidManifest.xml:73:13-84
174        <activity
174-->[com.applovin:applovin-sdk:12.1.0] AndroidManifest.xml:74:9-77:87
175            android:name="com.applovin.mediation.MaxDebuggerAdUnitWaterfallsListActivity"
175-->[com.applovin:applovin-sdk:12.1.0] AndroidManifest.xml:75:13-90
176            android:configChanges="fontScale|keyboard|keyboardHidden|locale|orientation|screenLayout|screenSize|smallestScreenSize|uiMode"
176-->[com.applovin:applovin-sdk:12.1.0] AndroidManifest.xml:76:13-139
177            android:theme="@style/com.applovin.mediation.MaxDebuggerActivity.Theme" />
177-->[com.applovin:applovin-sdk:12.1.0] AndroidManifest.xml:77:13-84
178        <activity
178-->[com.applovin:applovin-sdk:12.1.0] AndroidManifest.xml:78:9-81:87
179            android:name="com.applovin.mediation.MaxDebuggerAdUnitDetailActivity"
179-->[com.applovin:applovin-sdk:12.1.0] AndroidManifest.xml:79:13-82
180            android:configChanges="fontScale|keyboard|keyboardHidden|locale|orientation|screenLayout|screenSize|smallestScreenSize|uiMode"
180-->[com.applovin:applovin-sdk:12.1.0] AndroidManifest.xml:80:13-139
181            android:theme="@style/com.applovin.mediation.MaxDebuggerActivity.Theme" />
181-->[com.applovin:applovin-sdk:12.1.0] AndroidManifest.xml:81:13-84
182        <activity
182-->[com.applovin:applovin-sdk:12.1.0] AndroidManifest.xml:82:9-85:87
183            android:name="com.applovin.mediation.MaxDebuggerCmpNetworksListActivity"
183-->[com.applovin:applovin-sdk:12.1.0] AndroidManifest.xml:83:13-85
184            android:configChanges="fontScale|keyboard|keyboardHidden|locale|orientation|screenLayout|screenSize|smallestScreenSize|uiMode"
184-->[com.applovin:applovin-sdk:12.1.0] AndroidManifest.xml:84:13-139
185            android:theme="@style/com.applovin.mediation.MaxDebuggerActivity.Theme" />
185-->[com.applovin:applovin-sdk:12.1.0] AndroidManifest.xml:85:13-84
186        <activity
186-->[com.applovin:applovin-sdk:12.1.0] AndroidManifest.xml:86:9-89:87
187            android:name="com.applovin.mediation.MaxDebuggerTcfConsentStatusesListActivity"
187-->[com.applovin:applovin-sdk:12.1.0] AndroidManifest.xml:87:13-92
188            android:configChanges="fontScale|keyboard|keyboardHidden|locale|orientation|screenLayout|screenSize|smallestScreenSize|uiMode"
188-->[com.applovin:applovin-sdk:12.1.0] AndroidManifest.xml:88:13-139
189            android:theme="@style/com.applovin.mediation.MaxDebuggerActivity.Theme" />
189-->[com.applovin:applovin-sdk:12.1.0] AndroidManifest.xml:89:13-84
190        <activity
190-->[com.applovin:applovin-sdk:12.1.0] AndroidManifest.xml:90:9-93:87
191            android:name="com.applovin.mediation.MaxDebuggerTcfInfoListActivity"
191-->[com.applovin:applovin-sdk:12.1.0] AndroidManifest.xml:91:13-81
192            android:configChanges="fontScale|keyboard|keyboardHidden|locale|orientation|screenLayout|screenSize|smallestScreenSize|uiMode"
192-->[com.applovin:applovin-sdk:12.1.0] AndroidManifest.xml:92:13-139
193            android:theme="@style/com.applovin.mediation.MaxDebuggerActivity.Theme" />
193-->[com.applovin:applovin-sdk:12.1.0] AndroidManifest.xml:93:13-84
194        <activity
194-->[com.applovin:applovin-sdk:12.1.0] AndroidManifest.xml:94:9-97:87
195            android:name="com.applovin.mediation.MaxDebuggerTcfStringActivity"
195-->[com.applovin:applovin-sdk:12.1.0] AndroidManifest.xml:95:13-79
196            android:configChanges="fontScale|keyboard|keyboardHidden|locale|orientation|screenLayout|screenSize|smallestScreenSize|uiMode"
196-->[com.applovin:applovin-sdk:12.1.0] AndroidManifest.xml:96:13-139
197            android:theme="@style/com.applovin.mediation.MaxDebuggerActivity.Theme" />
197-->[com.applovin:applovin-sdk:12.1.0] AndroidManifest.xml:97:13-84
198        <activity
198-->[com.applovin:applovin-sdk:12.1.0] AndroidManifest.xml:98:9-101:87
199            android:name="com.applovin.mediation.MaxDebuggerTestLiveNetworkActivity"
199-->[com.applovin:applovin-sdk:12.1.0] AndroidManifest.xml:99:13-85
200            android:configChanges="fontScale|keyboard|keyboardHidden|locale|orientation|screenLayout|screenSize|smallestScreenSize|uiMode"
200-->[com.applovin:applovin-sdk:12.1.0] AndroidManifest.xml:100:13-139
201            android:theme="@style/com.applovin.mediation.MaxDebuggerActivity.Theme" />
201-->[com.applovin:applovin-sdk:12.1.0] AndroidManifest.xml:101:13-84
202        <activity
202-->[com.applovin:applovin-sdk:12.1.0] AndroidManifest.xml:102:9-105:87
203            android:name="com.applovin.mediation.MaxDebuggerTestModeNetworkActivity"
203-->[com.applovin:applovin-sdk:12.1.0] AndroidManifest.xml:103:13-85
204            android:configChanges="fontScale|keyboard|keyboardHidden|locale|orientation|screenLayout|screenSize|smallestScreenSize|uiMode"
204-->[com.applovin:applovin-sdk:12.1.0] AndroidManifest.xml:104:13-139
205            android:theme="@style/com.applovin.mediation.MaxDebuggerActivity.Theme" />
205-->[com.applovin:applovin-sdk:12.1.0] AndroidManifest.xml:105:13-84
206        <activity
206-->[com.applovin:applovin-sdk:12.1.0] AndroidManifest.xml:106:9-109:87
207            android:name="com.applovin.mediation.MaxDebuggerWaterfallKeywordsActivity"
207-->[com.applovin:applovin-sdk:12.1.0] AndroidManifest.xml:107:13-87
208            android:configChanges="fontScale|keyboard|keyboardHidden|locale|orientation|screenLayout|screenSize|smallestScreenSize|uiMode"
208-->[com.applovin:applovin-sdk:12.1.0] AndroidManifest.xml:108:13-139
209            android:theme="@style/com.applovin.mediation.MaxDebuggerActivity.Theme" />
209-->[com.applovin:applovin-sdk:12.1.0] AndroidManifest.xml:109:13-84
210        <activity
210-->[com.applovin:applovin-sdk:12.1.0] AndroidManifest.xml:110:9-113:91
211            android:name="com.applovin.creative.MaxCreativeDebuggerActivity"
211-->[com.applovin:applovin-sdk:12.1.0] AndroidManifest.xml:111:13-77
212            android:configChanges="fontScale|keyboard|keyboardHidden|locale|orientation|screenLayout|screenSize|smallestScreenSize|uiMode"
212-->[com.applovin:applovin-sdk:12.1.0] AndroidManifest.xml:112:13-139
213            android:theme="@style/com.applovin.creative.CreativeDebuggerActivity.Theme" />
213-->[com.applovin:applovin-sdk:12.1.0] AndroidManifest.xml:113:13-88
214        <activity
214-->[com.applovin:applovin-sdk:12.1.0] AndroidManifest.xml:114:9-117:91
215            android:name="com.applovin.creative.MaxCreativeDebuggerDisplayedAdActivity"
215-->[com.applovin:applovin-sdk:12.1.0] AndroidManifest.xml:115:13-88
216            android:configChanges="fontScale|keyboard|keyboardHidden|locale|orientation|screenLayout|screenSize|smallestScreenSize|uiMode"
216-->[com.applovin:applovin-sdk:12.1.0] AndroidManifest.xml:116:13-139
217            android:theme="@style/com.applovin.creative.CreativeDebuggerActivity.Theme" /> <!-- Services -->
217-->[com.applovin:applovin-sdk:12.1.0] AndroidManifest.xml:117:13-88
218        <service
218-->[com.applovin:applovin-sdk:12.1.0] AndroidManifest.xml:120:9-123:44
219            android:name="com.applovin.impl.adview.activity.FullscreenAdService"
219-->[com.applovin:applovin-sdk:12.1.0] AndroidManifest.xml:121:13-81
220            android:exported="false"
220-->[com.applovin:applovin-sdk:12.1.0] AndroidManifest.xml:122:13-37
221            android:stopWithTask="false" />
221-->[com.applovin:applovin-sdk:12.1.0] AndroidManifest.xml:123:13-41
222
223        <activity
223-->[com.google.android.gms:play-services-base:18.5.0] AndroidManifest.xml:5:9-173
224            android:name="com.google.android.gms.common.api.GoogleApiActivity"
224-->[com.google.android.gms:play-services-base:18.5.0] AndroidManifest.xml:5:19-85
225            android:exported="false"
225-->[com.google.android.gms:play-services-base:18.5.0] AndroidManifest.xml:5:146-170
226            android:theme="@android:style/Theme.Translucent.NoTitleBar" /> <!-- Include the AdActivity and InAppPurchaseActivity configChanges and themes. -->
226-->[com.google.android.gms:play-services-base:18.5.0] AndroidManifest.xml:5:86-145
227        <activity
227-->[com.google.android.gms:play-services-ads-api:24.6.0] AndroidManifest.xml:73:9-79:43
228            android:name="com.google.android.gms.ads.AdActivity"
228-->[com.google.android.gms:play-services-ads-api:24.6.0] AndroidManifest.xml:74:13-65
229            android:configChanges="keyboard|keyboardHidden|orientation|screenLayout|uiMode|screenSize|smallestScreenSize"
229-->[com.google.android.gms:play-services-ads-api:24.6.0] AndroidManifest.xml:75:13-122
230            android:enableOnBackInvokedCallback="false"
230-->[com.google.android.gms:play-services-ads-api:24.6.0] AndroidManifest.xml:76:13-56
231            android:exported="false"
231-->[com.google.android.gms:play-services-ads-api:24.6.0] AndroidManifest.xml:77:13-37
232            android:theme="@android:style/Theme.Translucent" />
232-->[com.google.android.gms:play-services-ads-api:24.6.0] AndroidManifest.xml:78:13-61
233
234        <provider
234-->[com.google.android.gms:play-services-ads-api:24.6.0] AndroidManifest.xml:81:9-86:43
235            android:name="com.google.android.gms.ads.MobileAdsInitProvider"
235-->[com.google.android.gms:play-services-ads-api:24.6.0] AndroidManifest.xml:82:13-76
236            android:authorities="com.opn.nativeflow.mobileadsinitprovider"
236-->[com.google.android.gms:play-services-ads-api:24.6.0] AndroidManifest.xml:83:13-73
237            android:exported="false"
237-->[com.google.android.gms:play-services-ads-api:24.6.0] AndroidManifest.xml:84:13-37
238            android:initOrder="100" />
238-->[com.google.android.gms:play-services-ads-api:24.6.0] AndroidManifest.xml:85:13-36
239
240        <service
240-->[com.google.android.gms:play-services-ads-api:24.6.0] AndroidManifest.xml:88:9-92:43
241            android:name="com.google.android.gms.ads.AdService"
241-->[com.google.android.gms:play-services-ads-api:24.6.0] AndroidManifest.xml:89:13-64
242            android:enabled="true"
242-->[com.google.android.gms:play-services-ads-api:24.6.0] AndroidManifest.xml:90:13-35
243            android:exported="false" />
243-->[com.google.android.gms:play-services-ads-api:24.6.0] AndroidManifest.xml:91:13-37
244
245        <activity
245-->[com.google.android.gms:play-services-ads-api:24.6.0] AndroidManifest.xml:94:9-98:43
246            android:name="com.google.android.gms.ads.OutOfContextTestingActivity"
246-->[com.google.android.gms:play-services-ads-api:24.6.0] AndroidManifest.xml:95:13-82
247            android:configChanges="keyboard|keyboardHidden|orientation|screenLayout|uiMode|screenSize|smallestScreenSize"
247-->[com.google.android.gms:play-services-ads-api:24.6.0] AndroidManifest.xml:96:13-122
248            android:exported="false" />